<?xml version="1.0" encoding="UTF-8"?>
<testsuite xmlns:xsi="http://www.w3.org/2001/XMLSchema-instance" xsi:noNamespaceSchemaLocation="https://maven.apache.org/surefire/maven-surefire-plugin/xsd/surefire-test-report-3.0.xsd" version="3.0" name="bank.internalgateway.scg.ScgGatewayParityTest" time="8.341" tests="7" errors="0" skipped="0" failures="0">
  <properties>
[...]
</properties>
  <testcase name="proxiesSearchWithJwtEnvelopeCorrelationAndPathRewrite" classname="bank.internalgateway.scg.ScgGatewayParityTest" time="1.233">
    <system-out><![CDATA[16:47:04.273 [main] INFO org.springframework.test.context.support.AnnotationConfigContextLoaderUtils -- Could not detect default configuration classes for test class [bank.internalgateway.scg.ScgGatewayParityTest]: ScgGatewayParityTest does not declare any static, non-private, non-final, nested classes annotated with @Configuration.
16:47:04.448 [main] INFO org.springframework.boot.test.context.SpringBootTestContextBootstrapper -- Found @SpringBootConfiguration bank.internalgateway.scg.ScgGatewayApplication for test class bank.internalgateway.scg.ScgGatewayParityTest

  .   ____          _            __ _ _
 /\\ / ___'_ __ _ _(_)_ __  __ _ \ \ \ \
( ( )\___ | '_ | '_| | '_ \/ _` | \ \ \ \
 \\/  ___)| |_)| | | | | || (_| |  ) ) ) )
  '  |____| .__|_| |_|_| |_\__, | / / / /
 =========|_|==============|___/=/_/_/_/

 :: Spring Boot ::                (v3.3.5)

2026-07-29T16:47:05.224+03:00  INFO 31080 --- [scg-gateway-benchmark] [           main] b.i.scg.ScgGatewayParityTest             : Starting ScgGatewayParityTest using Java 24.0.1 with PID 31080 (started by iouri in C:\Work\InternalGateway\scg-gateway)
2026-07-29T16:47:05.225+03:00  INFO 31080 --- [scg-gateway-benchmark] [           main] b.i.scg.ScgGatewayParityTest             : No active profile set, falling back to 1 default profile: "default"
2026-07-29T16:47:06.731+03:00  INFO 31080 --- [scg-gateway-benchmark] [           main] o.s.cloud.context.scope.GenericScope     : BeanFactory id=ff8a2c2f-740c-3b28-9904-187bdfe3a3d7
2026-07-29T16:47:08.305+03:00  INFO 31080 --- [scg-gateway-benchmark] [           main] o.s.c.g.r.RouteDefinitionRouteLocator    : Loaded RoutePredicateFactory [After]
2026-07-29T16:47:08.305+03:00  INFO 31080 --- [scg-gateway-benchmark] [           main] o.s.c.g.r.RouteDefinitionRouteLocator    : Loaded RoutePredicateFactory [Before]
2026-07-29T16:47:08.305+03:00  INFO 31080 --- [scg-gateway-benchmark] [           main] o.s.c.g.r.RouteDefinitionRouteLocator    : Loaded RoutePredicateFactory [Between]
2026-07-29T16:47:08.305+03:00  INFO 31080 --- [scg-gateway-benchmark] [           main] o.s.c.g.r.RouteDefinitionRouteLocator    : Loaded RoutePredicateFactory [Cookie]
2026-07-29T16:47:08.305+03:00  INFO 31080 --- [scg-gateway-benchmark] [           main] o.s.c.g.r.RouteDefinitionRouteLocator    : Loaded RoutePredicateFactory [Header]
2026-07-29T16:47:08.305+03:00  INFO 31080 --- [scg-gateway-benchmark] [           main] o.s.c.g.r.RouteDefinitionRouteLocator    : Loaded RoutePredicateFactory [Host]
2026-07-29T16:47:08.306+03:00  INFO 31080 --- [scg-gateway-benchmark] [           main] o.s.c.g.r.RouteDefinitionRouteLocator    : Loaded RoutePredicateFactory [Method]
2026-07-29T16:47:08.306+03:00  INFO 31080 --- [scg-gateway-benchmark] [           main] o.s.c.g.r.RouteDefinitionRouteLocator    : Loaded RoutePredicateFactory [Path]
2026-07-29T16:47:08.306+03:00  INFO 31080 --- [scg-gateway-benchmark] [           main] o.s.c.g.r.RouteDefinitionRouteLocator    : Loaded RoutePredicateFactory [Query]
2026-07-29T16:47:08.306+03:00  INFO 31080 --- [scg-gateway-benchmark] [           main] o.s.c.g.r.RouteDefinitionRouteLocator    : Loaded RoutePredicateFactory [ReadBody]
2026-07-29T16:47:08.306+03:00  INFO 31080 --- [scg-gateway-benchmark] [           main] o.s.c.g.r.RouteDefinitionRouteLocator    : Loaded RoutePredicateFactory [RemoteAddr]
2026-07-29T16:47:08.306+03:00  INFO 31080 --- [scg-gateway-benchmark] [           main] o.s.c.g.r.RouteDefinitionRouteLocator    : Loaded RoutePredicateFactory [XForwardedRemoteAddr]
2026-07-29T16:47:08.306+03:00  INFO 31080 --- [scg-gateway-benchmark] [           main] o.s.c.g.r.RouteDefinitionRouteLocator    : Loaded RoutePredicateFactory [Weight]
2026-07-29T16:47:08.306+03:00  INFO 31080 --- [scg-gateway-benchmark] [           main] o.s.c.g.r.RouteDefinitionRouteLocator    : Loaded RoutePredicateFactory [CloudFoundryRouteService]
2026-07-29T16:47:08.946+03:00  INFO 31080 --- [scg-gateway-benchmark] [           main] o.s.b.a.e.web.EndpointLinksResolver      : Exposing 2 endpoints beneath base path '/actuator'
2026-07-29T16:47:09.990+03:00  INFO 31080 --- [scg-gateway-benchmark] [           main] o.s.b.web.embedded.netty.NettyWebServer  : Netty started on port 49789 (http)
2026-07-29T16:47:10.146+03:00  INFO 31080 --- [scg-gateway-benchmark] [           main] b.i.scg.ScgGatewayParityTest             : Started ScgGatewayParityTest in 5.413 seconds (process running for 6.745)
]]></system-out>
    <system-err><![CDATA[WARNING: A Java agent has been loaded dynamically (C:\Users\iouri\.m2\repository\net\bytebuddy\byte-buddy-agent\1.14.19\byte-buddy-agent-1.14.19.jar)
WARNING: If a serviceability tool is in use, please run with -XX:+EnableDynamicAgentLoading to hide this warning
WARNING: If a serviceability tool is not in use, please run with -Djdk.instrument.traceUsage for more information
WARNING: Dynamic loading of agents will be disallowed by default in a future release
]]></system-err>
  </testcase>
  <testcase name="fallsBackOrganizationIdFromBodyWhenHeaderMissing" classname="bank.internalgateway.scg.ScgGatewayParityTest" time="0.065"/>
  <testcase name="propagatesBackendErrorStatus" classname="bank.internalgateway.scg.ScgGatewayParityTest" time="0.064"/>
  <testcase name="enrichedLoopsOrgCapabilityAndMapsFixedOffer" classname="bank.internalgateway.scg.ScgGatewayParityTest" time="0.105"/>
  <testcase name="capabilityEndpointsMatchCustomGatewayContract" classname="bank.internalgateway.scg.ScgGatewayParityTest" time="0.093"/>
  <testcase name="adminStatsAndDslConfigEndpointsAreAvailable" classname="bank.internalgateway.scg.ScgGatewayParityTest" time="0.112"/>
  <testcase name="reloadAppliesNewTargetPathAndRejectsInvalidDsl" classname="bank.internalgateway.scg.ScgGatewayParityTest" time="0.616"/>
</testsuite>