<?xml version="1.0" encoding="UTF-8"?>
<testsuite xmlns:xsi="http://www.w3.org/2001/XMLSchema-instance" xsi:noNamespaceSchemaLocation="https://maven.apache.org/surefire/maven-surefire-plugin/xsd/surefire-test-report-3.0.xsd" version="3.0" name="bank.internalgateway.gateway.web.CustomGatewayHttpParityTest" time="5.458" tests="4" errors="0" skipped="0" failures="0">
  <properties>
[...]
</properties>
  <testcase name="reloadChangesTargetPathAndKeepsLastKnownGoodOnInvalidDsl" classname="bank.internalgateway.gateway.web.CustomGatewayHttpParityTest" time="1.392">
    <system-out><![CDATA[16:46:56.965 [main] INFO org.springframework.boot.test.context.SpringBootTestContextBootstrapper -- Found @SpringBootConfiguration bank.internalgateway.gateway.GatewayApplication for test class bank.internalgateway.gateway.web.CustomGatewayHttpParityTest

  .   ____          _            __ _ _
 /\\ / ___'_ __ _ _(_)_ __  __ _ \ \ \ \
( ( )\___ | '_ | '_| | '_ \/ _` | \ \ \ \
 \\/  ___)| |_)| | | | | || (_| |  ) ) ) )
  '  |____| .__|_| |_|_| |_\__, | / / / /
 =========|_|==============|___/=/_/_/_/

 :: Spring Boot ::                (v3.3.5)

2026-07-29T16:46:57.951+03:00  INFO 28220 --- [internal-gateway] [           main] b.i.g.web.CustomGatewayHttpParityTest    : Starting CustomGatewayHttpParityTest using Java 24.0.1 with PID 28220 (started by iouri in C:\Work\InternalGateway\gateway)
2026-07-29T16:46:57.953+03:00  INFO 28220 --- [internal-gateway] [           main] b.i.g.web.CustomGatewayHttpParityTest    : No active profile set, falling back to 1 default profile: "default"
2026-07-29T16:47:00.037+03:00  INFO 28220 --- [internal-gateway] [           main] o.s.b.t.m.w.SpringBootMockServletContext : Initializing Spring TestDispatcherServlet ''
2026-07-29T16:47:00.037+03:00  INFO 28220 --- [internal-gateway] [           main] o.s.t.web.servlet.TestDispatcherServlet  : Initializing Servlet ''
2026-07-29T16:47:00.038+03:00  INFO 28220 --- [internal-gateway] [           main] o.s.t.web.servlet.TestDispatcherServlet  : Completed initialization in 1 ms
2026-07-29T16:47:00.092+03:00  INFO 28220 --- [internal-gateway] [           main] b.i.g.web.CustomGatewayHttpParityTest    : Started CustomGatewayHttpParityTest in 2.837 seconds (process running for 4.439)
]]></system-out>
    <system-err><![CDATA[WARNING: A Java agent has been loaded dynamically (C:\Users\iouri\.m2\repository\net\bytebuddy\byte-buddy-agent\1.14.19\byte-buddy-agent-1.14.19.jar)
WARNING: If a serviceability tool is in use, please run with -XX:+EnableDynamicAgentLoading to hide this warning
WARNING: If a serviceability tool is not in use, please run with -Djdk.instrument.traceUsage for more information
WARNING: Dynamic loading of agents will be disallowed by default in a future release
]]></system-err>
  </testcase>
  <testcase name="proxiesSearchWithJwtEnvelopeAndCompiledTargetPath" classname="bank.internalgateway.gateway.web.CustomGatewayHttpParityTest" time="0.215"/>
  <testcase name="capabilityEndpointsRenderFromDslTemplates" classname="bank.internalgateway.gateway.web.CustomGatewayHttpParityTest" time="0.09"/>
  <testcase name="enrichedLoopsOrgCapabilityAndMapsFixedOffer" classname="bank.internalgateway.gateway.web.CustomGatewayHttpParityTest" time="0.094"/>
</testsuite>